<?xml version="1.0" encoding="UTF-8" ?>
<testsuite failures="1" time="0.31" errors="0" skipped="0" tests="2" name="com.taotao.controller.FTPTest">
  <properties>
    <property name="java.runtime.name" value="Java(TM) SE Runtime Environment"/>
    <property name="sun.boot.library.path" value="C:\Program Files (x86)\Java\jdk1.7.0_79\jre\bin"/>
    <property name="java.vm.version" value="24.79-b02"/>
    <property name="java.vm.vendor" value="Oracle Corporation"/>
    <property name="java.vendor.url" value="http://java.oracle.com/"/>
    <property name="path.separator" value=";"/>
    <property name="guice.disable.misplaced.annotation.check" value="true"/>
    <property name="java.vm.name" value="Java HotSpot(TM) Client VM"/>
    <property name="file.encoding.pkg" value="sun.io"/>
    <property name="user.script" value=""/>
    <property name="user.country" value="CN"/>
    <property name="sun.java.launcher" value="SUN_STANDARD"/>
    <property name="sun.os.patch.level" value=""/>
    <property name="java.vm.specification.name" value="Java Virtual Machine Specification"/>
    <property name="user.dir" value="C:\Users\hello\Desktop\taotao\taotao-manager-web"/>
    <property name="java.runtime.version" value="1.7.0_79-b15"/>
    <property name="java.awt.graphicsenv" value="sun.awt.Win32GraphicsEnvironment"/>
    <property name="java.endorsed.dirs" value="C:\Program Files (x86)\Java\jdk1.7.0_79\jre\lib\endorsed"/>
    <property name="os.arch" value="x86"/>
    <property name="java.io.tmpdir" value="C:\Users\hello\AppData\Local\Temp\"/>
    <property name="line.separator" value="
"/>
    <property name="java.vm.specification.vendor" value="Oracle Corporation"/>
    <property name="user.variant" value=""/>
    <property name="os.name" value="Windows 8.1"/>
    <property name="classworlds.conf" value="C:\Users\hello\Desktop\taotao\.metadata\.plugins\org.eclipse.m2e.launching\launches\m2conf8386078605448703044.tmp"/>
    <property name="sun.jnu.encoding" value="GBK"/>
    <property name="java.library.path" value="C:\Program Files (x86)\Java\jdk1.7.0_79\bin;C:\Windows\Sun\Java\bin;C:\Windows\system32;C:\Windows;D:/eclipsejee/jre/bin/client;D:/eclipsejee/jre/bin;D:/eclipsejee/jre/lib/i386;C:\Program Files (x86)\Intel\iCLS Client\;C:\Program Files\Intel\iCLS Client\;C:\Windows\system32;C:\Windows;C:\Windows\System32\Wbem;C:\Windows\System32\WindowsPowerShell\v1.0\;C:\Program Files (x86)\Intel\Intel(R) Management Engine Components\DAL;C:\Program Files\Intel\Intel(R) Management Engine Components\DAL;C:\Program Files (x86)\Intel\Intel(R) Management Engine Components\IPT;C:\Program Files\Intel\Intel(R) Management Engine Components\IPT;C:\Program Files\Intel\WiFi\bin\;C:\Program Files\Common Files\Intel\WirelessCommon\;C:\Windows\System32\OpenSSH\;C:\Program Files\MySQL\MySQL Utilities 1.6\;C:\Program Files\Git\cmd;D:\VPN\bin;C:\Users\hello\AppData\Local\Microsoft\WindowsApps;&quot;C:\Program Files (x86)\Java\jdk1.7.0_79\bin;C:\Program Files (x86)\Java\jdk1.7.0_79\jre\bin;&quot;;&quot;C:\Windows\system32;C:\Windows;C:\Windows\System32\Wbem&quot;;C:\Program Files (x86)\MySQL\MySQL Server 5.5\bin;;D:\eclipsejee;;."/>
    <property name="java.specification.name" value="Java Platform API Specification"/>
    <property name="java.class.version" value="51.0"/>
    <property name="sun.management.compiler" value="HotSpot Client Compiler"/>
    <property name="os.version" value="6.3"/>
    <property name="user.home" value="C:\Users\hello"/>
    <property name="user.timezone" value="Asia/Shanghai"/>
    <property name="java.awt.printerjob" value="sun.awt.windows.WPrinterJob"/>
    <property name="java.specification.version" value="1.7"/>
    <property name="file.encoding" value="GBK"/>
    <property name="user.name" value="hello"/>
    <property name="java.class.path" value="/D:/eclipsejee/configuration/org.eclipse.osgi/bundles/531/1/.cp/jars/plexus-classworlds-2.4.jar"/>
    <property name="java.vm.specification.version" value="1.7"/>
    <property name="sun.arch.data.model" value="32"/>
    <property name="java.home" value="C:\Program Files (x86)\Java\jdk1.7.0_79\jre"/>
    <property name="sun.java.command" value="org.codehaus.plexus.classworlds.launcher.Launcher -B install"/>
    <property name="java.specification.vendor" value="Oracle Corporation"/>
    <property name="user.language" value="zh"/>
    <property name="awt.toolkit" value="sun.awt.windows.WToolkit"/>
    <property name="java.vm.info" value="mixed mode, sharing"/>
    <property name="java.version" value="1.7.0_79"/>
    <property name="java.ext.dirs" value="C:\Program Files (x86)\Java\jdk1.7.0_79\jre\lib\ext;C:\Windows\Sun\Java\lib\ext"/>
    <property name="sun.boot.class.path" value="C:\Program Files (x86)\Java\jdk1.7.0_79\jre\lib\resources.jar;C:\Program Files (x86)\Java\jdk1.7.0_79\jre\lib\rt.jar;C:\Program Files (x86)\Java\jdk1.7.0_79\jre\lib\sunrsasign.jar;C:\Program Files (x86)\Java\jdk1.7.0_79\jre\lib\jsse.jar;C:\Program Files (x86)\Java\jdk1.7.0_79\jre\lib\jce.jar;C:\Program Files (x86)\Java\jdk1.7.0_79\jre\lib\charsets.jar;C:\Program Files (x86)\Java\jdk1.7.0_79\jre\lib\jfr.jar;C:\Program Files (x86)\Java\jdk1.7.0_79\jre\classes"/>
    <property name="java.vendor" value="Oracle Corporation"/>
    <property name="maven.home" value="C:\Users\hello\Desktop\taotao\taotao-manager-web\EMBEDDED"/>
    <property name="file.separator" value="\"/>
    <property name="java.vendor.url.bug" value="http://bugreport.sun.com/bugreport/"/>
    <property name="maven.bootclasspath" value="/D:/eclipsejee/configuration/org.eclipse.osgi/bundles/531/1/.cp/jars/plexus-classworlds-2.4.jar"/>
    <property name="sun.cpu.endian" value="little"/>
    <property name="sun.io.unicode.encoding" value="UnicodeLittle"/>
    <property name="sun.desktop" value="windows"/>
    <property name="sun.cpu.isalist" value="pentium_pro+mmx pentium_pro pentium+mmx pentium i486 i386 i86"/>
  </properties>
  <testcase time="0.067" classname="com.taotao.controller.FTPTest" name="com.taotao.controller.FTPTest.testFtpClient">
    <failure message="Could not parse response code.
Server Reply: SSH-2.0-OpenSSH_5.3" type="org.apache.commons.net.MalformedServerReplyException">org.apache.commons.net.MalformedServerReplyException: Could not parse response code.
Server Reply: SSH-2.0-OpenSSH_5.3
	at org.apache.commons.net.ftp.FTP.__getReply(FTP.java:337)
	at org.apache.commons.net.ftp.FTP.__getReply(FTP.java:294)
	at org.apache.commons.net.ftp.FTP._connectAction_(FTP.java:400)
	at org.apache.commons.net.ftp.FTPClient._connectAction_(FTPClient.java:924)
	at org.apache.commons.net.SocketClient.connect(SocketClient.java:183)
	at org.apache.commons.net.SocketClient.connect(SocketClient.java:203)
	at com.taotao.controller.FTPTest.testFtpClient(FTPTest.java:21)
</failure>
  </testcase>
  <testcase time="0.239" classname="com.taotao.controller.FTPTest" name="com.taotao.controller.FTPTest.testFtpUtil"/>
</testsuite>